This file contains any messages produced by compilers while
running configure, to aid debugging if configure makes a mistake.

It was created by configure, which was
generated by GNU Autoconf 2.59.  Invocation command line was

  $ ./configure 

## --------- ##
## Platform. ##
## --------- ##

hostname = elm
uname -m = i686
uname -r = 2.6.17-gentoo-r7
uname -s = Linux
uname -v = #1 SMP PREEMPT Thu Aug 31 19:50:36 JST 2006

/usr/bin/uname -p = Intel(R) Xeon(TM) CPU 2.80GHz
/bin/uname -X     = unknown

/bin/arch              = i686
/usr/bin/arch -k       = unknown
/usr/convex/getsysinfo = unknown
hostinfo               = unknown
/bin/machine           = unknown
/usr/bin/oslevel       = unknown
/bin/universe          = unknown

PATH: /usr/java/j2sdk1.4.1_02/bin
PATH: /usr/local/bin/
PATH: /usr/local/bin/mh
PATH: /usr/local/bin/Wnn4
PATH: /usr/local/games/bin
PATH: /usr/local/tex/bin
PATH: /usr/local/htmllint/bin
PATH: /usr/ccs/bin
PATH: /usr/ucb
PATH: /usr/bin
PATH: /cl/nltools/cmu/bin
PATH: /usr/X11R6/bin
PATH: /usr/local/X11R6/bin
PATH: /usr/local/X11R6.0/bin
PATH: /usr/local/X11R5/bin
PATH: /usr/etc
PATH: /usr/local/etc
PATH: /usr/sbin
PATH: /usr/local/sbin
PATH: /cl/nltools/bar/bin
PATH: /bin
PATH: /se3510/mysql/bin
PATH: /usr/jdk1.5.0_02//bin


## ----------- ##
## Core tests. ##
## ----------- ##

configure:1541: checking for a BSD-compatible install
configure:1596: result: /usr/bin/install -c
configure:1607: checking whether build environment is sane
configure:1650: result: yes
configure:1715: checking for gawk
configure:1731: found /usr/bin/gawk
configure:1741: result: gawk
configure:1751: checking whether make sets $(MAKE)
configure:1771: result: yes
configure:1941: checking whether to enable maintainer-specific portions of Makefiles
configure:1950: result: no
configure:2012: checking for gcc
configure:2028: found /usr/bin/gcc
configure:2038: result: gcc
configure:2282: checking for C compiler version
configure:2285: gcc --version </dev/null >&5
gcc (GCC) 4.1.1 (Gentoo 4.1.1-r1)
Copyright (C) 2006 Free Software Foundation, Inc.
This is free software; see the source for copying conditions.  There is NO
warranty; not even for MERCHANTABILITY or FITNESS FOR A PARTICULAR PURPOSE.

configure:2288: $? = 0
configure:2290: gcc -v </dev/null >&5
Using built-in specs.
Target: i686-gentoo-linux-gnu
Configured with: /var/tmp/portage/gcc-4.1.1-r1/work/gcc-4.1.1/configure --prefix=/usr --bindir=/usr/i686-gentoo-linux-gnu/gcc-bin/4.1.1 --includedir=/usr/lib/gcc/i686-gentoo-linux-gnu/4.1.1/include --datadir=/usr/share/gcc-data/i686-gentoo-linux-gnu/4.1.1 --mandir=/usr/share/gcc-data/i686-gentoo-linux-gnu/4.1.1/man --infodir=/usr/share/gcc-data/i686-gentoo-linux-gnu/4.1.1/info --with-gxx-include-dir=/usr/lib/gcc/i686-gentoo-linux-gnu/4.1.1/include/g++-v4 --host=i686-gentoo-linux-gnu --build=i686-gentoo-linux-gnu --disable-altivec --enable-nls --without-included-gettext --with-system-zlib --disable-checking --disable-werror --disable-libunwind-exceptions --disable-multilib --disable-libmudflap --disable-libssp --disable-libgcj --enable-languages=c,c++,fortran --enable-shared --enable-threads=posix --enable-__cxa_atexit --enable-clocale=gnu
Thread model: posix
gcc version 4.1.1 (Gentoo 4.1.1-r1)
configure:2293: $? = 0
configure:2295: gcc -V </dev/null >&5
gcc: '-V' option must have argument
configure:2298: $? = 1
configure:2321: checking for C compiler default output file name
configure:2324: gcc    conftest.c  >&5
configure:2327: $? = 0
configure:2373: result: a.out
configure:2378: checking whether the C compiler works
configure:2384: ./a.out
configure:2387: $? = 0
configure:2404: result: yes
configure:2411: checking whether we are cross compiling
configure:2413: result: no
configure:2416: checking for suffix of executables
configure:2418: gcc -o conftest    conftest.c  >&5
configure:2421: $? = 0
configure:2446: result: 
configure:2452: checking for suffix of object files
configure:2473: gcc -c   conftest.c >&5
configure:2476: $? = 0
configure:2498: result: o
configure:2502: checking whether we are using the GNU C compiler
configure:2526: gcc -c   conftest.c >&5
configure:2532: $? = 0
configure:2536: test -z 
			 || test ! -s conftest.err
configure:2539: $? = 0
configure:2542: test -s conftest.o
configure:2545: $? = 0
configure:2558: result: yes
configure:2564: checking whether gcc accepts -g
configure:2585: gcc -c -g  conftest.c >&5
configure:2591: $? = 0
configure:2595: test -z 
			 || test ! -s conftest.err
configure:2598: $? = 0
configure:2601: test -s conftest.o
configure:2604: $? = 0
configure:2615: result: yes
configure:2632: checking for gcc option to accept ANSI C
configure:2702: gcc  -c -g -O2  conftest.c >&5
configure:2708: $? = 0
configure:2712: test -z 
			 || test ! -s conftest.err
configure:2715: $? = 0
configure:2718: test -s conftest.o
configure:2721: $? = 0
configure:2739: result: none needed
configure:2757: gcc -c -g -O2  conftest.c >&5
conftest.c:2: error: expected '=', ',', ';', 'asm' or '__attribute__' before 'me'
configure:2763: $? = 1
configure: failed program was:
| #ifndef __cplusplus
|   choke me
| #endif
configure:2907: checking for style of include used by make
configure:2935: result: GNU
configure:2963: checking dependency style of gcc
configure:3053: result: gcc3
configure:3122: checking for g++
configure:3138: found /usr/bin/g++
configure:3148: result: g++
configure:3164: checking for C++ compiler version
configure:3167: g++ --version </dev/null >&5
g++ (GCC) 4.1.1 (Gentoo 4.1.1-r1)
Copyright (C) 2006 Free Software Foundation, Inc.
This is free software; see the source for copying conditions.  There is NO
warranty; not even for MERCHANTABILITY or FITNESS FOR A PARTICULAR PURPOSE.

configure:3170: $? = 0
configure:3172: g++ -v </dev/null >&5
Using built-in specs.
Target: i686-gentoo-linux-gnu
Configured with: /var/tmp/portage/gcc-4.1.1-r1/work/gcc-4.1.1/configure --prefix=/usr --bindir=/usr/i686-gentoo-linux-gnu/gcc-bin/4.1.1 --includedir=/usr/lib/gcc/i686-gentoo-linux-gnu/4.1.1/include --datadir=/usr/share/gcc-data/i686-gentoo-linux-gnu/4.1.1 --mandir=/usr/share/gcc-data/i686-gentoo-linux-gnu/4.1.1/man --infodir=/usr/share/gcc-data/i686-gentoo-linux-gnu/4.1.1/info --with-gxx-include-dir=/usr/lib/gcc/i686-gentoo-linux-gnu/4.1.1/include/g++-v4 --host=i686-gentoo-linux-gnu --build=i686-gentoo-linux-gnu --disable-altivec --enable-nls --without-included-gettext --with-system-zlib --disable-checking --disable-werror --disable-libunwind-exceptions --disable-multilib --disable-libmudflap --disable-libssp --disable-libgcj --enable-languages=c,c++,fortran --enable-shared --enable-threads=posix --enable-__cxa_atexit --enable-clocale=gnu
Thread model: posix
gcc version 4.1.1 (Gentoo 4.1.1-r1)
configure:3175: $? = 0
configure:3177: g++ -V </dev/null >&5
g++: '-V' option must have argument
configure:3180: $? = 1
configure:3183: checking whether we are using the GNU C++ compiler
configure:3207: g++ -c   conftest.cc >&5
configure:3213: $? = 0
configure:3217: test -z 
			 || test ! -s conftest.err
configure:3220: $? = 0
configure:3223: test -s conftest.o
configure:3226: $? = 0
configure:3239: result: yes
configure:3245: checking whether g++ accepts -g
configure:3266: g++ -c -g  conftest.cc >&5
configure:3272: $? = 0
configure:3276: test -z 
			 || test ! -s conftest.err
configure:3279: $? = 0
configure:3282: test -s conftest.o
configure:3285: $? = 0
configure:3296: result: yes
configure:3338: g++ -c -g -O2  conftest.cc >&5
configure:3344: $? = 0
configure:3348: test -z 
			 || test ! -s conftest.err
configure:3351: $? = 0
configure:3354: test -s conftest.o
configure:3357: $? = 0
configure:3383: g++ -c -g -O2  conftest.cc >&5
conftest.cc: In function 'int main()':
conftest.cc:15: error: 'exit' was not declared in this scope
configure:3389: $? = 1
configure: failed program was:
| /* confdefs.h.  */
| 
| #define PACKAGE_NAME ""
| #define PACKAGE_TARNAME ""
| #define PACKAGE_VERSION ""
| #define PACKAGE_STRING ""
| #define PACKAGE_BUGREPORT ""
| #define PACKAGE "chasen"
| #define VERSION "2.4.0-preview2"
| /* end confdefs.h.  */
| 
| int
| main ()
| {
| exit (42);
|   ;
|   return 0;
| }
configure:3338: g++ -c -g -O2  conftest.cc >&5
configure:3344: $? = 0
configure:3348: test -z 
			 || test ! -s conftest.err
configure:3351: $? = 0
configure:3354: test -s conftest.o
configure:3357: $? = 0
configure:3383: g++ -c -g -O2  conftest.cc >&5
configure:3389: $? = 0
configure:3393: test -z 
			 || test ! -s conftest.err
configure:3396: $? = 0
configure:3399: test -s conftest.o
configure:3402: $? = 0
configure:3427: checking dependency style of g++
configure:3517: result: gcc3
configure:3612: checking build system type
configure:3630: result: i686-pc-linux-gnu
configure:3638: checking host system type
configure:3652: result: i686-pc-linux-gnu
configure:3660: checking for a sed that does not truncate output
configure:3714: result: /usr/bin/sed
configure:3717: checking for egrep
configure:3727: result: grep -E
configure:3743: checking for ld used by gcc
configure:3810: result: /usr/i686-gentoo-linux-gnu/bin/ld
configure:3819: checking if the linker (/usr/i686-gentoo-linux-gnu/bin/ld) is GNU ld
configure:3834: result: yes
configure:3839: checking for /usr/i686-gentoo-linux-gnu/bin/ld option to reload object files
configure:3846: result: -r
configure:3855: checking for BSD-compatible nm
configure:3897: result: /usr/bin/nm -B
configure:3901: checking whether ln -s works
configure:3905: result: yes
configure:3912: checking how to recognise dependent libraries
configure:4095: result: pass_all
configure:4309: checking how to run the C preprocessor
configure:4344: gcc -E  conftest.c
configure:4350: $? = 0
configure:4382: gcc -E  conftest.c
conftest.c:14:28: error: ac_nonexistent.h: No such file or directory
configure:4388: $? = 1
configure: failed program was:
| /* confdefs.h.  */
| 
| #define PACKAGE_NAME ""
| #define PACKAGE_TARNAME ""
| #define PACKAGE_VERSION ""
| #define PACKAGE_STRING ""
| #define PACKAGE_BUGREPORT ""
| #define PACKAGE "chasen"
| #define VERSION "2.4.0-preview2"
| #ifdef __cplusplus
| extern "C" void std::exit (int) throw (); using std::exit;
| #endif
| /* end confdefs.h.  */
| #include <ac_nonexistent.h>
configure:4427: result: gcc -E
configure:4451: gcc -E  conftest.c
configure:4457: $? = 0
configure:4489: gcc -E  conftest.c
conftest.c:14:28: error: ac_nonexistent.h: No such file or directory
configure:4495: $? = 1
configure: failed program was:
| /* confdefs.h.  */
| 
| #define PACKAGE_NAME ""
| #define PACKAGE_TARNAME ""
| #define PACKAGE_VERSION ""
| #define PACKAGE_STRING ""
| #define PACKAGE_BUGREPORT ""
| #define PACKAGE "chasen"
| #define VERSION "2.4.0-preview2"
| #ifdef __cplusplus
| extern "C" void std::exit (int) throw (); using std::exit;
| #endif
| /* end confdefs.h.  */
| #include <ac_nonexistent.h>
configure:4539: checking for ANSI C header files
configure:4564: gcc -c -g -O2  conftest.c >&5
configure:4570: $? = 0
configure:4574: test -z 
			 || test ! -s conftest.err
configure:4577: $? = 0
configure:4580: test -s conftest.o
configure:4583: $? = 0
configure:4672: gcc -o conftest -g -O2   conftest.c  >&5
conftest.c: In function 'main':
conftest.c:31: warning: incompatible implicit declaration of built-in function 'exit'
configure:4675: $? = 0
configure:4677: ./conftest
configure:4680: $? = 0
configure:4695: result: yes
configure:4719: checking for sys/types.h
configure:4735: gcc -c -g -O2  conftest.c >&5
configure:4741: $? = 0
configure:4745: test -z 
			 || test ! -s conftest.err
configure:4748: $? = 0
configure:4751: test -s conftest.o
configure:4754: $? = 0
configure:4765: result: yes
configure:4719: checking for sys/stat.h
configure:4735: gcc -c -g -O2  conftest.c >&5
configure:4741: $? = 0
configure:4745: test -z 
			 || test ! -s conftest.err
configure:4748: $? = 0
configure:4751: test -s conftest.o
configure:4754: $? = 0
configure:4765: result: yes
configure:4719: checking for stdlib.h
configure:4735: gcc -c -g -O2  conftest.c >&5
configure:4741: $? = 0
configure:4745: test -z 
			 || test ! -s conftest.err
configure:4748: $? = 0
configure:4751: test -s conftest.o
configure:4754: $? = 0
configure:4765: result: yes
configure:4719: checking for string.h
configure:4735: gcc -c -g -O2  conftest.c >&5
configure:4741: $? = 0
configure:4745: test -z 
			 || test ! -s conftest.err
configure:4748: $? = 0
configure:4751: test -s conftest.o
configure:4754: $? = 0
configure:4765: result: yes
configure:4719: checking for memory.h
configure:4735: gcc -c -g -O2  conftest.c >&5
configure:4741: $? = 0
configure:4745: test -z 
			 || test ! -s conftest.err
configure:4748: $? = 0
configure:4751: test -s conftest.o
configure:4754: $? = 0
configure:4765: result: yes
configure:4719: checking for strings.h
configure:4735: gcc -c -g -O2  conftest.c >&5
configure:4741: $? = 0
configure:4745: test -z 
			 || test ! -s conftest.err
configure:4748: $? = 0
configure:4751: test -s conftest.o
configure:4754: $? = 0
configure:4765: result: yes
configure:4719: checking for inttypes.h
configure:4735: gcc -c -g -O2  conftest.c >&5
configure:4741: $? = 0
configure:4745: test -z 
			 || test ! -s conftest.err
configure:4748: $? = 0
configure:4751: test -s conftest.o
configure:4754: $? = 0
configure:4765: result: yes
configure:4719: checking for stdint.h
configure:4735: gcc -c -g -O2  conftest.c >&5
configure:4741: $? = 0
configure:4745: test -z 
			 || test ! -s conftest.err
configure:4748: $? = 0
configure:4751: test -s conftest.o
configure:4754: $? = 0
configure:4765: result: yes
configure:4719: checking for unistd.h
configure:4735: gcc -c -g -O2  conftest.c >&5
configure:4741: $? = 0
configure:4745: test -z 
			 || test ! -s conftest.err
configure:4748: $? = 0
configure:4751: test -s conftest.o
configure:4754: $? = 0
configure:4765: result: yes
configure:4791: checking dlfcn.h usability
configure:4803: gcc -c -g -O2  conftest.c >&5
configure:4809: $? = 0
configure:4813: test -z 
			 || test ! -s conftest.err
configure:4816: $? = 0
configure:4819: test -s conftest.o
configure:4822: $? = 0
configure:4832: result: yes
configure:4836: checking dlfcn.h presence
configure:4846: gcc -E  conftest.c
configure:4852: $? = 0
configure:4872: result: yes
configure:4907: checking for dlfcn.h
configure:4914: result: yes
configure:4932: checking how to run the C++ preprocessor
configure:4963: g++ -E  conftest.cc
configure:4969: $? = 0
configure:5001: g++ -E  conftest.cc
conftest.cc:25:28: error: ac_nonexistent.h: No such file or directory
configure:5007: $? = 1
configure: failed program was:
| /* confdefs.h.  */
| 
| #define PACKAGE_NAME ""
| #define PACKAGE_TARNAME ""
| #define PACKAGE_VERSION ""
| #define PACKAGE_STRING ""
| #define PACKAGE_BUGREPORT ""
| #define PACKAGE "chasen"
| #define VERSION "2.4.0-preview2"
| #ifdef __cplusplus
| extern "C" void std::exit (int) throw (); using std::exit;
| #endif
| #define STDC_HEADERS 1
| #define HAVE_SYS_TYPES_H 1
| #define HAVE_SYS_STAT_H 1
| #define HAVE_STDLIB_H 1
| #define HAVE_STRING_H 1
| #define HAVE_MEMORY_H 1
| #define HAVE_STRINGS_H 1
| #define HAVE_INTTYPES_H 1
| #define HAVE_STDINT_H 1
| #define HAVE_UNISTD_H 1
| #define HAVE_DLFCN_H 1
| /* end confdefs.h.  */
| #include <ac_nonexistent.h>
configure:5046: result: g++ -E
configure:5070: g++ -E  conftest.cc
configure:5076: $? = 0
configure:5108: g++ -E  conftest.cc
conftest.cc:25:28: error: ac_nonexistent.h: No such file or directory
configure:5114: $? = 1
configure: failed program was:
| /* confdefs.h.  */
| 
| #define PACKAGE_NAME ""
| #define PACKAGE_TARNAME ""
| #define PACKAGE_VERSION ""
| #define PACKAGE_STRING ""
| #define PACKAGE_BUGREPORT ""
| #define PACKAGE "chasen"
| #define VERSION "2.4.0-preview2"
| #ifdef __cplusplus
| extern "C" void std::exit (int) throw (); using std::exit;
| #endif
| #define STDC_HEADERS 1
| #define HAVE_SYS_TYPES_H 1
| #define HAVE_SYS_STAT_H 1
| #define HAVE_STDLIB_H 1
| #define HAVE_STRING_H 1
| #define HAVE_MEMORY_H 1
| #define HAVE_STRINGS_H 1
| #define HAVE_INTTYPES_H 1
| #define HAVE_STDINT_H 1
| #define HAVE_UNISTD_H 1
| #define HAVE_DLFCN_H 1
| /* end confdefs.h.  */
| #include <ac_nonexistent.h>
configure:5209: checking for g77
configure:5238: result: no
configure:5209: checking for f77
configure:5238: result: no
configure:5209: checking for xlf
configure:5238: result: no
configure:5209: checking for frt
configure:5238: result: no
configure:5209: checking for pgf77
configure:5238: result: no
configure:5209: checking for fort77
configure:5238: result: no
configure:5209: checking for fl32
configure:5238: result: no
configure:5209: checking for af77
configure:5238: result: no
configure:5209: checking for f90
configure:5238: result: no
configure:5209: checking for xlf90
configure:5238: result: no
configure:5209: checking for pgf90
configure:5238: result: no
configure:5209: checking for epcf90
configure:5238: result: no
configure:5209: checking for f95
configure:5238: result: no
configure:5209: checking for fort
configure:5238: result: no
configure:5209: checking for xlf95
configure:5238: result: no
configure:5209: checking for ifc
configure:5238: result: no
configure:5209: checking for efc
configure:5238: result: no
configure:5209: checking for pgf95
configure:5238: result: no
configure:5209: checking for lf95
configure:5238: result: no
configure:5209: checking for gfortran
configure:5238: result: no
configure:5250: checking for Fortran 77 compiler version
configure:5253:  --version </dev/null >&5
./configure: line 5254: --version: command not found
configure:5256: $? = 127
configure:5258:  -v </dev/null >&5
./configure: line 5259: -v: command not found
configure:5261: $? = 127
configure:5263:  -V </dev/null >&5
./configure: line 5264: -V: command not found
configure:5266: $? = 127
configure:5274: checking whether we are using the GNU Fortran 77 compiler
configure:5288:  -c  conftest.F >&5
./configure: line 5289: -c: command not found
configure:5294: $? = 127
configure: failed program was:
|       program main
| #ifndef __GNUC__
|        choke me
| #endif
| 
|       end
configure:5320: result: no
configure:5326: checking whether  accepts -g
configure:5338:  -c -g conftest.f >&5
./configure: line 5339: -c: command not found
configure:5344: $? = 127
configure: failed program was:
|       program main
| 
|       end
configure:5369: result: no
configure:5399: checking the maximum length of command line arguments
configure:5464: result: 32768
configure:5475: checking command to parse /usr/bin/nm -B output from gcc object
configure:5564: gcc -c -g -O2  conftest.c >&5
configure:5567: $? = 0
configure:5571: /usr/bin/nm -B conftest.o \| sed -n -e 's/^.*[ 	]\([ABCDGIRSTW][ABCDGIRSTW]*\)[ 	][ 	]*\(\)\([_A-Za-z][_A-Za-z0-9]*\)$/\1 \2\3 \3/p' \> conftest.nm
configure:5574: $? = 0
configure:5626: gcc -o conftest -g -O2   conftest.c conftstm.o >&5
configure:5629: $? = 0
configure:5667: result: ok
configure:5671: checking for objdir
configure:5686: result: .libs
configure:5776: checking for ar
configure:5792: found /usr/bin/ar
configure:5803: result: ar
configure:5856: checking for ranlib
configure:5872: found /usr/bin/ranlib
configure:5883: result: ranlib
configure:5936: checking for strip
configure:5952: found /usr/bin/strip
configure:5963: result: strip
configure:6225: checking if gcc static flag  works
configure:6248: result: yes
configure:6266: checking if gcc supports -fno-rtti -fno-exceptions
configure:6284: gcc -c -g -O2  -fno-rtti -fno-exceptions conftest.c >&5
cc1: warning: command line option "-fno-rtti" is valid for C++/ObjC++ but not for C
configure:6288: $? = 0
configure:6299: result: no
configure:6314: checking for gcc option to produce PIC
configure:6491: result: -fPIC
configure:6499: checking if gcc PIC flag -fPIC works
configure:6517: gcc -c -g -O2  -fPIC -DPIC conftest.c >&5
configure:6521: $? = 0
configure:6532: result: yes
configure:6556: checking if gcc supports -c -o file.o
configure:6577: gcc -c -g -O2  -o out/conftest2.o conftest.c >&5
configure:6581: $? = 0
configure:6601: result: yes
configure:6627: checking whether the gcc linker (/usr/i686-gentoo-linux-gnu/bin/ld) supports shared libraries
configure:7475: result: yes
configure:7501: checking whether -lc should be explicitly linked in
configure:7506: gcc -c -g -O2  conftest.c >&5
configure:7509: $? = 0
configure:7523: gcc -shared conftest.o  -v -Wl,-soname -Wl,conftest -o conftest 2\>\&1 \| grep  -lc  \>/dev/null 2\>\&1
configure:7526: $? = 0
configure:7538: result: no
configure:7546: checking dynamic linker characteristics
configure:8107: result: GNU/Linux ld.so
configure:8111: checking how to hardcode library paths into programs
configure:8136: result: immediate
configure:8150: checking whether stripping libraries is possible
configure:8155: result: yes
configure:8985: checking if libtool supports shared libraries
configure:8987: result: yes
configure:8990: checking whether to build shared libraries
configure:9048: result: yes
configure:9051: checking whether to build static libraries
configure:9055: result: yes
configure:9147: creating libtool
configure:9694: checking for ld used by g++
configure:9761: result: /usr/i686-gentoo-linux-gnu/bin/ld
configure:9770: checking if the linker (/usr/i686-gentoo-linux-gnu/bin/ld) is GNU ld
configure:9785: result: yes
configure:9836: checking whether the g++ linker (/usr/i686-gentoo-linux-gnu/bin/ld) supports shared libraries
configure:10664: result: yes
configure:10682: g++ -c -g -O2  conftest.cc >&5
configure:10685: $? = 0
configure:10781: checking for g++ option to produce PIC
configure:11033: result: -fPIC
configure:11041: checking if g++ PIC flag -fPIC works
configure:11059: g++ -c -g -O2  -fPIC -DPIC conftest.cc >&5
configure:11063: $? = 0
configure:11074: result: yes
configure:11098: checking if g++ supports -c -o file.o
configure:11119: g++ -c -g -O2  -o out/conftest2.o conftest.cc >&5
configure:11123: $? = 0
configure:11143: result: yes
configure:11169: checking whether the g++ linker (/usr/i686-gentoo-linux-gnu/bin/ld) supports shared libraries
configure:11194: result: yes
configure:11265: checking dynamic linker characteristics
configure:11826: result: GNU/Linux ld.so
configure:11830: checking how to hardcode library paths into programs
configure:11855: result: immediate
configure:11869: checking whether stripping libraries is possible
configure:11874: result: yes
configure:19161: checking for library containing strerror
configure:19191: gcc -o conftest -g -O2   conftest.c  >&5
configure:19197: $? = 0
configure:19201: test -z 
			 || test ! -s conftest.err
configure:19204: $? = 0
configure:19207: test -s conftest
configure:19210: $? = 0
configure:19280: result: none required
configure:19300: checking for a BSD-compatible install
configure:19355: result: /usr/bin/install -c
configure:19366: checking whether make sets $(MAKE)
configure:19386: result: yes
configure:19396: checking for ANSI C header files
configure:19552: result: yes
configure:19580: checking fcntl.h usability
configure:19592: gcc -c -g -O2  conftest.c >&5
configure:19598: $? = 0
configure:19602: test -z 
			 || test ! -s conftest.err
configure:19605: $? = 0
configure:19608: test -s conftest.o
configure:19611: $? = 0
configure:19621: result: yes
configure:19625: checking fcntl.h presence
configure:19635: gcc -E  conftest.c
configure:19641: $? = 0
configure:19661: result: yes
configure:19696: checking for fcntl.h
configure:19703: result: yes
configure:19580: checking limits.h usability
configure:19592: gcc -c -g -O2  conftest.c >&5
configure:19598: $? = 0
configure:19602: test -z 
			 || test ! -s conftest.err
configure:19605: $? = 0
configure:19608: test -s conftest.o
configure:19611: $? = 0
configure:19621: result: yes
configure:19625: checking limits.h presence
configure:19635: gcc -E  conftest.c
configure:19641: $? = 0
configure:19661: result: yes
configure:19696: checking for limits.h
configure:19703: result: yes
configure:19580: checking sys/file.h usability
configure:19592: gcc -c -g -O2  conftest.c >&5
configure:19598: $? = 0
configure:19602: test -z 
			 || test ! -s conftest.err
configure:19605: $? = 0
configure:19608: test -s conftest.o
configure:19611: $? = 0
configure:19621: result: yes
configure:19625: checking sys/file.h presence
configure:19635: gcc -E  conftest.c
configure:19641: $? = 0
configure:19661: result: yes
configure:19696: checking for sys/file.h
configure:19703: result: yes
configure:19571: checking for sys/stat.h
configure:19576: result: yes
configure:19571: checking for unistd.h
configure:19576: result: yes
configure:19732: checking sys/param.h usability
configure:19744: gcc -c -g -O2  conftest.c >&5
configure:19750: $? = 0
configure:19754: test -z 
			 || test ! -s conftest.err
configure:19757: $? = 0
configure:19760: test -s conftest.o
configure:19763: $? = 0
configure:19773: result: yes
configure:19777: checking sys/param.h presence
configure:19787: gcc -E  conftest.c
configure:19793: $? = 0
configure:19813: result: yes
configure:19848: checking for sys/param.h
configure:19855: result: yes
configure:19723: checking for sys/types.h
configure:19728: result: yes
configure:19732: checking netinet/in.h usability
configure:19744: gcc -c -g -O2  conftest.c >&5
configure:19750: $? = 0
configure:19754: test -z 
			 || test ! -s conftest.err
configure:19757: $? = 0
configure:19760: test -s conftest.o
configure:19763: $? = 0
configure:19773: result: yes
configure:19777: checking netinet/in.h presence
configure:19787: gcc -E  conftest.c
configure:19793: $? = 0
configure:19813: result: yes
configure:19848: checking for netinet/in.h
configure:19855: result: yes
configure:19883: checking io.h usability
configure:19895: gcc -c -g -O2  conftest.c >&5
conftest.c:68:16: error: io.h: No such file or directory
configure:19901: $? = 1
configure: failed program was:
| /* confdefs.h.  */
| 
| #define PACKAGE_NAME ""
| #define PACKAGE_TARNAME ""
| #define PACKAGE_VERSION ""
| #define PACKAGE_STRING ""
| #define PACKAGE_BUGREPORT ""
| #define PACKAGE "chasen"
| #define VERSION "2.4.0-preview2"
| #ifdef __cplusplus
| extern "C" void std::exit (int) throw (); using std::exit;
| #endif
| #define STDC_HEADERS 1
| #define HAVE_SYS_TYPES_H 1
| #define HAVE_SYS_STAT_H 1
| #define HAVE_STDLIB_H 1
| #define HAVE_STRING_H 1
| #define HAVE_MEMORY_H 1
| #define HAVE_STRINGS_H 1
| #define HAVE_INTTYPES_H 1
| #define HAVE_STDINT_H 1
| #define HAVE_UNISTD_H 1
| #define HAVE_DLFCN_H 1
| #define STDC_HEADERS 1
| #define HAVE_FCNTL_H 1
| #define HAVE_LIMITS_H 1
| #define HAVE_SYS_FILE_H 1
| #define HAVE_SYS_STAT_H 1
| #define HAVE_UNISTD_H 1
| #define HAVE_SYS_PARAM_H 1
| #define HAVE_SYS_TYPES_H 1
| #define HAVE_NETINET_IN_H 1
| /* end confdefs.h.  */
| #include <stdio.h>
| #if HAVE_SYS_TYPES_H
| # include <sys/types.h>
| #endif
| #if HAVE_SYS_STAT_H
| # include <sys/stat.h>
| #endif
| #if STDC_HEADERS
| # include <stdlib.h>
| # include <stddef.h>
| #else
| # if HAVE_STDLIB_H
| #  include <stdlib.h>
| # endif
| #endif
| #if HAVE_STRING_H
| # if !STDC_HEADERS && HAVE_MEMORY_H
| #  include <memory.h>
| # endif
| # include <string.h>
| #endif
| #if HAVE_STRINGS_H
| # include <strings.h>
| #endif
| #if HAVE_INTTYPES_H
| # include <inttypes.h>
| #else
| # if HAVE_STDINT_H
| #  include <stdint.h>
| # endif
| #endif
| #if HAVE_UNISTD_H
| # include <unistd.h>
| #endif
| #include <io.h>
configure:19924: result: no
configure:19928: checking io.h presence
configure:19938: gcc -E  conftest.c
conftest.c:34:16: error: io.h: No such file or directory
configure:19944: $? = 1
configure: failed program was:
| /* confdefs.h.  */
| 
| #define PACKAGE_NAME ""
| #define PACKAGE_TARNAME ""
| #define PACKAGE_VERSION ""
| #define PACKAGE_STRING ""
| #define PACKAGE_BUGREPORT ""
| #define PACKAGE "chasen"
| #define VERSION "2.4.0-preview2"
| #ifdef __cplusplus
| extern "C" void std::exit (int) throw (); using std::exit;
| #endif
| #define STDC_HEADERS 1
| #define HAVE_SYS_TYPES_H 1
| #define HAVE_SYS_STAT_H 1
| #define HAVE_STDLIB_H 1
| #define HAVE_STRING_H 1
| #define HAVE_MEMORY_H 1
| #define HAVE_STRINGS_H 1
| #define HAVE_INTTYPES_H 1
| #define HAVE_STDINT_H 1
| #define HAVE_UNISTD_H 1
| #define HAVE_DLFCN_H 1
| #define STDC_HEADERS 1
| #define HAVE_FCNTL_H 1
| #define HAVE_LIMITS_H 1
| #define HAVE_SYS_FILE_H 1
| #define HAVE_SYS_STAT_H 1
| #define HAVE_UNISTD_H 1
| #define HAVE_SYS_PARAM_H 1
| #define HAVE_SYS_TYPES_H 1
| #define HAVE_NETINET_IN_H 1
| /* end confdefs.h.  */
| #include <io.h>
configure:19964: result: no
configure:19999: checking for io.h
configure:20006: result: no
configure:19883: checking windows.h usability
configure:19895: gcc -c -g -O2  conftest.c >&5
conftest.c:68:21: error: windows.h: No such file or directory
configure:19901: $? = 1
configure: failed program was:
| /* confdefs.h.  */
| 
| #define PACKAGE_NAME ""
| #define PACKAGE_TARNAME ""
| #define PACKAGE_VERSION ""
| #define PACKAGE_STRING ""
| #define PACKAGE_BUGREPORT ""
| #define PACKAGE "chasen"
| #define VERSION "2.4.0-preview2"
| #ifdef __cplusplus
| extern "C" void std::exit (int) throw (); using std::exit;
| #endif
| #define STDC_HEADERS 1
| #define HAVE_SYS_TYPES_H 1
| #define HAVE_SYS_STAT_H 1
| #define HAVE_STDLIB_H 1
| #define HAVE_STRING_H 1
| #define HAVE_MEMORY_H 1
| #define HAVE_STRINGS_H 1
| #define HAVE_INTTYPES_H 1
| #define HAVE_STDINT_H 1
| #define HAVE_UNISTD_H 1
| #define HAVE_DLFCN_H 1
| #define STDC_HEADERS 1
| #define HAVE_FCNTL_H 1
| #define HAVE_LIMITS_H 1
| #define HAVE_SYS_FILE_H 1
| #define HAVE_SYS_STAT_H 1
| #define HAVE_UNISTD_H 1
| #define HAVE_SYS_PARAM_H 1
| #define HAVE_SYS_TYPES_H 1
| #define HAVE_NETINET_IN_H 1
| /* end confdefs.h.  */
| #include <stdio.h>
| #if HAVE_SYS_TYPES_H
| # include <sys/types.h>
| #endif
| #if HAVE_SYS_STAT_H
| # include <sys/stat.h>
| #endif
| #if STDC_HEADERS
| # include <stdlib.h>
| # include <stddef.h>
| #else
| # if HAVE_STDLIB_H
| #  include <stdlib.h>
| # endif
| #endif
| #if HAVE_STRING_H
| # if !STDC_HEADERS && HAVE_MEMORY_H
| #  include <memory.h>
| # endif
| # include <string.h>
| #endif
| #if HAVE_STRINGS_H
| # include <strings.h>
| #endif
| #if HAVE_INTTYPES_H
| # include <inttypes.h>
| #else
| # if HAVE_STDINT_H
| #  include <stdint.h>
| # endif
| #endif
| #if HAVE_UNISTD_H
| # include <unistd.h>
| #endif
| #include <windows.h>
configure:19924: result: no
configure:19928: checking windows.h presence
configure:19938: gcc -E  conftest.c
conftest.c:34:21: error: windows.h: No such file or directory
configure:19944: $? = 1
configure: failed program was:
| /* confdefs.h.  */
| 
| #define PACKAGE_NAME ""
| #define PACKAGE_TARNAME ""
| #define PACKAGE_VERSION ""
| #define PACKAGE_STRING ""
| #define PACKAGE_BUGREPORT ""
| #define PACKAGE "chasen"
| #define VERSION "2.4.0-preview2"
| #ifdef __cplusplus
| extern "C" void std::exit (int) throw (); using std::exit;
| #endif
| #define STDC_HEADERS 1
| #define HAVE_SYS_TYPES_H 1
| #define HAVE_SYS_STAT_H 1
| #define HAVE_STDLIB_H 1
| #define HAVE_STRING_H 1
| #define HAVE_MEMORY_H 1
| #define HAVE_STRINGS_H 1
| #define HAVE_INTTYPES_H 1
| #define HAVE_STDINT_H 1
| #define HAVE_UNISTD_H 1
| #define HAVE_DLFCN_H 1
| #define STDC_HEADERS 1
| #define HAVE_FCNTL_H 1
| #define HAVE_LIMITS_H 1
| #define HAVE_SYS_FILE_H 1
| #define HAVE_SYS_STAT_H 1
| #define HAVE_UNISTD_H 1
| #define HAVE_SYS_PARAM_H 1
| #define HAVE_SYS_TYPES_H 1
| #define HAVE_NETINET_IN_H 1
| /* end confdefs.h.  */
| #include <windows.h>
configure:19964: result: no
configure:19999: checking for windows.h
configure:20006: result: no
configure:20020: checking for darts.h
configure:20062: g++ -c -g -O2  conftest.cc >&5
configure:20068: $? = 0
configure:20072: test -z 
			 || test ! -s conftest.err
configure:20075: $? = 0
configure:20078: test -s conftest.o
configure:20081: $? = 0
configure:20096: result: yes
configure:20117: checking for iconv in -liconv
configure:20147: gcc -o conftest -g -O2   conftest.c -liconv   >&5
/usr/lib/gcc/i686-gentoo-linux-gnu/4.1.1/../../../../i686-gentoo-linux-gnu/bin/ld: cannot find -liconv
collect2: ld returned 1 exit status
configure:20153: $? = 1
configure: failed program was:
| /* confdefs.h.  */
| 
| #define PACKAGE_NAME ""
| #define PACKAGE_TARNAME ""
| #define PACKAGE_VERSION ""
| #define PACKAGE_STRING ""
| #define PACKAGE_BUGREPORT ""
| #define PACKAGE "chasen"
| #define VERSION "2.4.0-preview2"
| #ifdef __cplusplus
| extern "C" void std::exit (int) throw (); using std::exit;
| #endif
| #define STDC_HEADERS 1
| #define HAVE_SYS_TYPES_H 1
| #define HAVE_SYS_STAT_H 1
| #define HAVE_STDLIB_H 1
| #define HAVE_STRING_H 1
| #define HAVE_MEMORY_H 1
| #define HAVE_STRINGS_H 1
| #define HAVE_INTTYPES_H 1
| #define HAVE_STDINT_H 1
| #define HAVE_UNISTD_H 1
| #define HAVE_DLFCN_H 1
| #define STDC_HEADERS 1
| #define HAVE_FCNTL_H 1
| #define HAVE_LIMITS_H 1
| #define HAVE_SYS_FILE_H 1
| #define HAVE_SYS_STAT_H 1
| #define HAVE_UNISTD_H 1
| #define HAVE_SYS_PARAM_H 1
| #define HAVE_SYS_TYPES_H 1
| #define HAVE_NETINET_IN_H 1
| /* end confdefs.h.  */
| 
| /* Override any gcc2 internal prototype to avoid an error.  */
| #ifdef __cplusplus
| extern "C"
| #endif
| /* We use char because int might match the return type of a gcc2
|    builtin and then its argument prototype would still apply.  */
| char iconv ();
| int
| main ()
| {
| iconv ();
|   ;
|   return 0;
| }
configure:20179: result: no
configure:20200: checking iconv.h usability
configure:20212: gcc -c -g -O2  conftest.c >&5
configure:20218: $? = 0
configure:20222: test -z 
			 || test ! -s conftest.err
configure:20225: $? = 0
configure:20228: test -s conftest.o
configure:20231: $? = 0
configure:20241: result: yes
configure:20245: checking iconv.h presence
configure:20255: gcc -E  conftest.c
configure:20261: $? = 0
configure:20281: result: yes
configure:20316: checking for iconv.h
configure:20323: result: yes
configure:20341: checking iconv args
configure:20394: result: EUC-JP SHIFT_JIS ISO-8859-1
configure:20397: checking for off_t
configure:20421: gcc -c -g -O2  conftest.c >&5
configure:20427: $? = 0
configure:20431: test -z 
			 || test ! -s conftest.err
configure:20434: $? = 0
configure:20437: test -s conftest.o
configure:20440: $? = 0
configure:20451: result: yes
configure:20463: checking for size_t
configure:20487: gcc -c -g -O2  conftest.c >&5
configure:20493: $? = 0
configure:20497: test -z 
			 || test ! -s conftest.err
configure:20500: $? = 0
configure:20503: test -s conftest.o
configure:20506: $? = 0
configure:20517: result: yes
configure:20530: checking for working memcmp
configure:20578: gcc -o conftest -g -O2   conftest.c  >&5
configure:20581: $? = 0
configure:20583: ./conftest
configure:20586: $? = 0
configure:20600: result: yes
configure:20617: checking for stdlib.h
configure:20622: result: yes
configure:20617: checking for unistd.h
configure:20622: result: yes
configure:20766: checking for getpagesize
configure:20823: gcc -o conftest -g -O2   conftest.c  >&5
configure:20829: $? = 0
configure:20833: test -z 
			 || test ! -s conftest.err
configure:20836: $? = 0
configure:20839: test -s conftest
configure:20842: $? = 0
configure:20854: result: yes
configure:20864: checking for working mmap
configure:21006: gcc -o conftest -g -O2   conftest.c  >&5
configure:21009: $? = 0
configure:21011: ./conftest
configure:21014: $? = 0
configure:21028: result: yes
configure:21180: creating ./config.status

## ---------------------- ##
## Running config.status. ##
## ---------------------- ##

This file was extended by config.status, which was
generated by GNU Autoconf 2.59.  Invocation command line was

  CONFIG_FILES    = 
  CONFIG_HEADERS  = 
  CONFIG_LINKS    = 
  CONFIG_COMMANDS = 
  $ ./config.status 

on elm

config.status:728: creating Makefile
config.status:728: creating chasen-config
config.status:728: creating chasen/Makefile
config.status:728: creating mkchadic/Makefile
config.status:728: creating doc/Makefile
config.status:728: creating lib/Makefile
config.status:728: creating tests/Makefile
config.status:728: creating chasen.spec
config.status:832: creating config.h
config.status:1152: executing depfiles commands
config.status:1152: executing default commands

## ---------------- ##
## Cache variables. ##
## ---------------- ##

ac_cv_build=i686-pc-linux-gnu
ac_cv_build_alias=i686-pc-linux-gnu
ac_cv_c_compiler_gnu=yes
ac_cv_cxx_compiler_gnu=yes
ac_cv_env_CC_set=
ac_cv_env_CC_value=
ac_cv_env_CFLAGS_set=
ac_cv_env_CFLAGS_value=
ac_cv_env_CPPFLAGS_set=
ac_cv_env_CPPFLAGS_value=
ac_cv_env_CPP_set=
ac_cv_env_CPP_value=
ac_cv_env_CXXCPP_set=
ac_cv_env_CXXCPP_value=
ac_cv_env_CXXFLAGS_set=
ac_cv_env_CXXFLAGS_value=
ac_cv_env_CXX_set=
ac_cv_env_CXX_value=
ac_cv_env_F77_set=
ac_cv_env_F77_value=
ac_cv_env_FFLAGS_set=
ac_cv_env_FFLAGS_value=
ac_cv_env_LDFLAGS_set=
ac_cv_env_LDFLAGS_value=
ac_cv_env_build_alias_set=
ac_cv_env_build_alias_value=
ac_cv_env_host_alias_set=
ac_cv_env_host_alias_value=
ac_cv_env_target_alias_set=
ac_cv_env_target_alias_value=
ac_cv_exeext=
ac_cv_f77_compiler_gnu=no
ac_cv_func_getpagesize=yes
ac_cv_func_memcmp_working=yes
ac_cv_func_mmap_fixed_mapped=yes
ac_cv_header_dlfcn_h=yes
ac_cv_header_fcntl_h=yes
ac_cv_header_iconv_h=yes
ac_cv_header_inttypes_h=yes
ac_cv_header_io_h=no
ac_cv_header_limits_h=yes
ac_cv_header_memory_h=yes
ac_cv_header_netinet_in_h=yes
ac_cv_header_stdc=yes
ac_cv_header_stdint_h=yes
ac_cv_header_stdlib_h=yes
ac_cv_header_string_h=yes
ac_cv_header_strings_h=yes
ac_cv_header_sys_file_h=yes
ac_cv_header_sys_param_h=yes
ac_cv_header_sys_stat_h=yes
ac_cv_header_sys_types_h=yes
ac_cv_header_unistd_h=yes
ac_cv_header_windows_h=no
ac_cv_host=i686-pc-linux-gnu
ac_cv_host_alias=i686-pc-linux-gnu
ac_cv_lib_iconv_iconv=no
ac_cv_objext=o
ac_cv_path_install='/usr/bin/install -c'
ac_cv_prog_AWK=gawk
ac_cv_prog_CPP='gcc -E'
ac_cv_prog_CXXCPP='g++ -E'
ac_cv_prog_ac_ct_AR=ar
ac_cv_prog_ac_ct_CC=gcc
ac_cv_prog_ac_ct_CXX=g++
ac_cv_prog_ac_ct_RANLIB=ranlib
ac_cv_prog_ac_ct_STRIP=strip
ac_cv_prog_cc_g=yes
ac_cv_prog_cc_stdc=
ac_cv_prog_cxx_g=yes
ac_cv_prog_egrep='grep -E'
ac_cv_prog_f77_g=no
ac_cv_prog_make_make_set=yes
ac_cv_search_strerror='none required'
ac_cv_type_off_t=yes
ac_cv_type_size_t=yes
am_cv_CC_dependencies_compiler_type=gcc3
am_cv_CXX_dependencies_compiler_type=gcc3
cl_cv_header_darts=yes
lt_cv_deplibs_check_method=pass_all
lt_cv_file_magic_cmd='$MAGIC_CMD'
lt_cv_file_magic_test_file='/lib/libc.so.6 /lib/libc-2.4.so'
lt_cv_ld_reload_flag=-r
lt_cv_objdir=.libs
lt_cv_path_LD=/usr/i686-gentoo-linux-gnu/bin/ld
lt_cv_path_LDCXX=/usr/i686-gentoo-linux-gnu/bin/ld
lt_cv_path_NM='/usr/bin/nm -B'
lt_cv_path_SED=/usr/bin/sed
lt_cv_prog_compiler_c_o=yes
lt_cv_prog_compiler_c_o_CXX=yes
lt_cv_prog_compiler_rtti_exceptions=no
lt_cv_prog_gnu_ld=yes
lt_cv_prog_gnu_ldcxx=yes
lt_cv_sys_global_symbol_pipe='sed -n -e '\''s/^.*[ 	]\([ABCDGIRSTW][ABCDGIRSTW]*\)[ 	][ 	]*\(\)\([_A-Za-z][_A-Za-z0-9]*\)$/\1 \2\3 \3/p'\'''
lt_cv_sys_global_symbol_to_c_name_address='sed -n -e '\''s/^: \([^ ]*\) $/  {\"\1\", (lt_ptr) 0},/p'\'' -e '\''s/^[BCDEGRST] \([^ ]*\) \([^ ]*\)$/  {"\2", (lt_ptr) \&\2},/p'\'''
lt_cv_sys_global_symbol_to_cdecl='sed -n -e '\''s/^. .* \(.*\)$/extern int \1;/p'\'''
lt_cv_sys_max_cmd_len=32768
lt_lt_cv_prog_compiler_c_o='"yes"'
lt_lt_cv_prog_compiler_c_o_CXX='"yes"'
lt_lt_cv_sys_global_symbol_pipe='"sed -n -e '\''s/^.*[ 	]\\([ABCDGIRSTW][ABCDGIRSTW]*\\)[ 	][ 	]*\\(\\)\\([_A-Za-z][_A-Za-z0-9]*\\)\$/\\1 \\2\\3 \\3/p'\''"'
lt_lt_cv_sys_global_symbol_to_c_name_address='"sed -n -e '\''s/^: \\([^ ]*\\) \$/  {\\\"\\1\\\", (lt_ptr) 0},/p'\'' -e '\''s/^[BCDEGRST] \\([^ ]*\\) \\([^ ]*\\)\$/  {\"\\2\", (lt_ptr) \\&\\2},/p'\''"'
lt_lt_cv_sys_global_symbol_to_cdecl='"sed -n -e '\''s/^. .* \\(.*\\)\$/extern int \\1;/p'\''"'

## ----------------- ##
## Output variables. ##
## ----------------- ##

ACLOCAL='${SHELL} /home/masayu-a/ChaSen/chasen-2.4.0-previewtmp/missing --run aclocal-1.9'
AMDEPBACKSLASH='\'
AMDEP_FALSE='#'
AMDEP_TRUE=''
AMTAR='${SHELL} /home/masayu-a/ChaSen/chasen-2.4.0-previewtmp/missing --run tar'
AR='ar'
AUTOCONF='${SHELL} /home/masayu-a/ChaSen/chasen-2.4.0-previewtmp/missing --run autoconf'
AUTOHEADER='${SHELL} /home/masayu-a/ChaSen/chasen-2.4.0-previewtmp/missing --run autoheader'
AUTOMAKE='${SHELL} /home/masayu-a/ChaSen/chasen-2.4.0-previewtmp/missing --run automake-1.9'
AWK='gawk'
CC='gcc'
CCDEPMODE='depmode=gcc3'
CFLAGS='-g -O2 -Wall'
CPP='gcc -E'
CPPFLAGS=''
CXX='g++'
CXXCPP='g++ -E'
CXXDEPMODE='depmode=gcc3'
CXXFLAGS='-g -O2'
CYGPATH_W='echo'
DEFS='-DHAVE_CONFIG_H'
DEPDIR='.deps'
ECHO='echo'
ECHO_C=''
ECHO_N='-n'
ECHO_T=''
EGREP='grep -E'
EXEEXT=''
F77=''
FFLAGS=''
ICONV_CFLAGS=''
INSTALL_DATA='${INSTALL} -m 644'
INSTALL_PROGRAM='${INSTALL}'
INSTALL_SCRIPT='${INSTALL}'
INSTALL_STRIP_PROGRAM='${SHELL} $(install_sh) -c -s'
LDFLAGS=''
LIBOBJS=''
LIBS=''
LIBTOOL='$(SHELL) $(top_builddir)/libtool'
LN_S='ln -s'
LTLIBOBJS=''
LTVERSION='0:1:0'
MAINT='#'
MAINTAINER_MODE_FALSE=''
MAINTAINER_MODE_TRUE='#'
MAKEINFO='${SHELL} /home/masayu-a/ChaSen/chasen-2.4.0-previewtmp/missing --run makeinfo'
OBJEXT='o'
PACKAGE='chasen'
PACKAGE_BUGREPORT=''
PACKAGE_NAME=''
PACKAGE_STRING=''
PACKAGE_TARNAME=''
PACKAGE_VERSION=''
PATH_SEPARATOR=':'
RANLIB='ranlib'
RCPATH='${prefix}/etc/chasenrc'
SET_MAKE=''
SHELL='/bin/sh'
STRIP='strip'
VERSION='2.4.0-preview2'
ac_ct_AR='ar'
ac_ct_CC='gcc'
ac_ct_CXX='g++'
ac_ct_F77=''
ac_ct_RANLIB='ranlib'
ac_ct_STRIP='strip'
am__fastdepCC_FALSE='#'
am__fastdepCC_TRUE=''
am__fastdepCXX_FALSE='#'
am__fastdepCXX_TRUE=''
am__include='include'
am__leading_dot='.'
am__quote=''
am__tar='${AMTAR} chof - "$$tardir"'
am__untar='${AMTAR} xf -'
bindir='${exec_prefix}/bin'
build='i686-pc-linux-gnu'
build_alias=''
build_cpu='i686'
build_os='linux-gnu'
build_vendor='pc'
datadir='${prefix}/share'
exec_prefix='${prefix}'
host='i686-pc-linux-gnu'
host_alias=''
host_cpu='i686'
host_os='linux-gnu'
host_vendor='pc'
includedir='${prefix}/include'
infodir='${prefix}/info'
install_sh='/home/masayu-a/ChaSen/chasen-2.4.0-previewtmp/install-sh'
libdir='${exec_prefix}/lib'
libexecdir='${exec_prefix}/libexec'
localstatedir='${prefix}/var'
mandir='${prefix}/man'
mkdir_p='mkdir -p --'
oldincludedir='/usr/include'
prefix='/usr/local'
program_transform_name='s,x,x,'
sbindir='${exec_prefix}/sbin'
sharedstatedir='${prefix}/com'
sysconfdir='${prefix}/etc'
target_alias=''

## ----------- ##
## confdefs.h. ##
## ----------- ##

#define HAVE_DLFCN_H 1
#define HAVE_FCNTL_H 1
#define HAVE_GETPAGESIZE 1
#define HAVE_INTTYPES_H 1
#define HAVE_LIMITS_H 1
#define HAVE_MEMORY_H 1
#define HAVE_MMAP 1
#define HAVE_NETINET_IN_H 1
#define HAVE_STDINT_H 1
#define HAVE_STDLIB_H 1
#define HAVE_STDLIB_H 1
#define HAVE_STRINGS_H 1
#define HAVE_STRING_H 1
#define HAVE_SYS_FILE_H 1
#define HAVE_SYS_PARAM_H 1
#define HAVE_SYS_STAT_H 1
#define HAVE_SYS_STAT_H 1
#define HAVE_SYS_TYPES_H 1
#define HAVE_SYS_TYPES_H 1
#define HAVE_UNISTD_H 1
#define HAVE_UNISTD_H 1
#define HAVE_UNISTD_H 1
#define ICONV_88591 "ISO-8859-1"
#define ICONV_EUCJP "EUC-JP"
#define ICONV_SJIS "SHIFT_JIS"
#define PACKAGE "chasen"
#define PACKAGE_BUGREPORT ""
#define PACKAGE_NAME ""
#define PACKAGE_STRING ""
#define PACKAGE_TARNAME ""
#define PACKAGE_VERSION ""
#define STDC_HEADERS 1
#define STDC_HEADERS 1
#define VERSION "2.4.0-preview2"
#endif
#ifdef __cplusplus
extern "C" void std::exit (int) throw (); using std::exit;

configure: exit 0
